Построение начато 13.08.2012 14:22:13.
     1>Проект "D:\Проекти і чтиво\GL Base Camp\Task7\Task7\Task7\Task7.vcxproj" в узле 2 (целевые объекты build).
     1>InitializeBuildStatus:
         Создание "Debug\Task7.unsuccessfulbuild", так как было задано "AlwaysCreate".
       ClCompile:
         e:\Program Files\Microsoft Visual Studio 10.0\VC\bin\CL.exe /c /ZI /nologo /W3 /WX- /Od /Oy- /D WIN32 /D _DEBUG /D _CONSOLE /D _UNICODE /D UNICODE /Gm /EHsc /RTC1 /MDd /GS /fp:precise /Zc:wchar_t /Zc:forScope /Yc"StdAfx.h" /Fp"Debug\Task7.pch" /Fo"Debug\\" /Fd"Debug\vc100.pdb" /Gd /TP /analyze- /errorReport:prompt stdafx.cpp
         stdafx.cpp
         e:\Program Files\Microsoft Visual Studio 10.0\VC\bin\CL.exe /c /ZI /nologo /W3 /WX- /Od /Oy- /D WIN32 /D _DEBUG /D _CONSOLE /D _UNICODE /D UNICODE /Gm /EHsc /RTC1 /MDd /GS /fp:precise /Zc:wchar_t /Zc:forScope /Yu"StdAfx.h" /Fp"Debug\Task7.pch" /Fo"Debug\\" /Fd"Debug\vc100.pdb" /Gd /TP /analyze- /errorReport:prompt Task7.cpp
         Task7.cpp
       ManifestResourceCompile:
         E:\Program Files\Microsoft SDKs\Windows\v7.0A\bin\rc.exe /nologo /fo"Debug\Task7.exe.embed.manifest.res" Debug\Task7_manifest.rc 
       Link:
         e:\Program Files\Microsoft Visual Studio 10.0\VC\bin\link.exe /ERRORREPORT:PROMPT /OUT:"D:\Проекти і чтиво\GL Base Camp\Task7\Task7\Debug\Task7.exe" /INCREMENTAL /NOLOGO kernel32.lib user32.lib gdi32.lib winspool.lib comdlg32.lib advapi32.lib shell32.lib ole32.lib oleaut32.lib uuid.lib odbc32.lib odbccp32.lib /MANIFEST /ManifestFile:"Debug\Task7.exe.intermediate.manifest" /MANIFESTUAC:"level='asInvoker' uiAccess='false'" /DEBUG /PDB:"D:\Проекти і чтиво\GL Base Camp\Task7\Task7\Debug\Task7.pdb" /SUBSYSTEM:CONSOLE /TLBID:1 /DYNAMICBASE /NXCOMPAT /IMPLIB:"D:\Проекти і чтиво\GL Base Camp\Task7\Task7\Debug\Task7.lib" /MACHINE:X86 Debug\Task7.exe.embed.manifest.res
         Debug\stdafx.obj
         Debug\Task7.obj
       Manifest:
         E:\Program Files\Microsoft SDKs\Windows\v7.0A\bin\mt.exe /nologo /verbose /out:"Debug\Task7.exe.embed.manifest" /manifest Debug\Task7.exe.intermediate.manifest
         E:\Program Files\Microsoft SDKs\Windows\v7.0A\bin\rc.exe /nologo /fo"Debug\Task7.exe.embed.manifest.res" Debug\Task7_manifest.rc 
       LinkEmbedManifest:
         e:\Program Files\Microsoft Visual Studio 10.0\VC\bin\link.exe /ERRORREPORT:PROMPT /OUT:"D:\Проекти і чтиво\GL Base Camp\Task7\Task7\Debug\Task7.exe" /INCREMENTAL /NOLOGO kernel32.lib user32.lib gdi32.lib winspool.lib comdlg32.lib advapi32.lib shell32.lib ole32.lib oleaut32.lib uuid.lib odbc32.lib odbccp32.lib /MANIFEST /ManifestFile:"Debug\Task7.exe.intermediate.manifest" /MANIFESTUAC:"level='asInvoker' uiAccess='false'" /DEBUG /PDB:"D:\Проекти і чтиво\GL Base Camp\Task7\Task7\Debug\Task7.pdb" /SUBSYSTEM:CONSOLE /TLBID:1 /DYNAMICBASE /NXCOMPAT /IMPLIB:"D:\Проекти і чтиво\GL Base Camp\Task7\Task7\Debug\Task7.lib" /MACHINE:X86 Debug\Task7.exe.embed.manifest.res
         Debug\stdafx.obj
         Debug\Task7.obj
         Task7.vcxproj -> D:\Проекти і чтиво\GL Base Camp\Task7\Task7\Debug\Task7.exe
       FinalizeBuildStatus:
         Файл "Debug\Task7.unsuccessfulbuild" удаляется.
         Обращение к "Debug\Task7.lastbuildstate".
     1>Построение проекта "D:\Проекти і чтиво\GL Base Camp\Task7\Task7\Task7\Task7.vcxproj" завершено (целевые объекты build).

Построение успешно завершено.

Затраченное время: 00:00:18.38
