Построение начато 26.08.2012 14:21:01.
     1>Проект "D:\Проекти і чтиво\GL Base Camp\Task8\Task8\Task8\Task8.vcxproj" в узле 2 (целевые объекты build).
     1>InitializeBuildStatus:
         Создание "Debug\Task8.unsuccessfulbuild", так как было задано "AlwaysCreate".
       ClCompile:
         Для всех выходных данных обновления не требуется.
         e:\Program Files\Microsoft Visual Studio 10.0\VC\bin\CL.exe /c /ZI /nologo /W3 /WX- /Od /Oy- /D WIN32 /D _DEBUG /D _CONSOLE /D _UNICODE /D UNICODE /Gm /EHsc /RTC1 /MDd /GS /fp:precise /Zc:wchar_t /Zc:forScope /Yu"StdAfx.h" /Fp"Debug\Task8.pch" /Fo"Debug\\" /Fd"Debug\vc100.pdb" /Gd /TP /analyze- /errorReport:prompt Task8.cpp
         Task8.cpp
     1>d:\проекти і чтиво\gl base camp\task8\task8\task8\task8.cpp(13): warning C4101: pT: неиспользованная локальная переменная
     1>d:\проекти і чтиво\gl base camp\task8\task8\task8\task8.cpp(13): warning C4101: pF: неиспользованная локальная переменная
     1>d:\проекти і чтиво\gl base camp\task8\task8\task8\task8.cpp(13): warning C4101: pS: неиспользованная локальная переменная
       ManifestResourceCompile:
         Для всех выходных данных обновления не требуется.
       Link:
         e:\Program Files\Microsoft Visual Studio 10.0\VC\bin\link.exe /ERRORREPORT:PROMPT /OUT:"D:\Проекти і чтиво\GL Base Camp\Task8\Task8\Debug\Task8.exe" /INCREMENTAL /NOLOGO kernel32.lib user32.lib gdi32.lib winspool.lib comdlg32.lib advapi32.lib shell32.lib ole32.lib oleaut32.lib uuid.lib odbc32.lib odbccp32.lib /MANIFEST /ManifestFile:"Debug\Task8.exe.intermediate.manifest" /MANIFESTUAC:"level='asInvoker' uiAccess='false'" /DEBUG /PDB:"D:\Проекти і чтиво\GL Base Camp\Task8\Task8\Debug\Task8.pdb" /SUBSYSTEM:CONSOLE /TLBID:1 /DYNAMICBASE /NXCOMPAT /IMPLIB:"D:\Проекти і чтиво\GL Base Camp\Task8\Task8\Debug\Task8.lib" /MACHINE:X86 Debug\Task8.exe.embed.manifest.res
         Debug\stdafx.obj
         Debug\Task8.obj
       Manifest:
         E:\Program Files\Microsoft SDKs\Windows\v7.0A\bin\mt.exe /nologo /verbose /out:"Debug\Task8.exe.embed.manifest" /manifest Debug\Task8.exe.intermediate.manifest
         Для всех выходных данных обновления не требуется.
       LinkEmbedManifest:
         Для всех выходных данных обновления не требуется.
         Task8.vcxproj -> D:\Проекти і чтиво\GL Base Camp\Task8\Task8\Debug\Task8.exe
       FinalizeBuildStatus:
         Файл "Debug\Task8.unsuccessfulbuild" удаляется.
         Обращение к "Debug\Task8.lastbuildstate".
     1>Построение проекта "D:\Проекти і чтиво\GL Base Camp\Task8\Task8\Task8\Task8.vcxproj" завершено (целевые объекты build).

Построение успешно завершено.

Затраченное время: 00:00:05.58
