Построение начато 19.08.2012 21:22:37.
     1>Проект "D:\Проекти і чтиво\GL Base Camp\Task8\Pr4FindInFile\Pr4FindInFile\Pr4FindInFile.vcxproj" в узле 2 (целевые объекты build).
     1>InitializeBuildStatus:
         Создание "Debug\Pr4FindInFile.unsuccessfulbuild", так как было задано "AlwaysCreate".
       ClCompile:
         Для всех выходных данных обновления не требуется.
         e:\Program Files\Microsoft Visual Studio 10.0\VC\bin\CL.exe /c /ZI /nologo /W3 /WX- /Od /Oy- /D WIN32 /D _DEBUG /D _CONSOLE /D _UNICODE /D UNICODE /Gm /EHsc /RTC1 /MDd /GS /fp:precise /Zc:wchar_t /Zc:forScope /Yu"StdAfx.h" /Fp"Debug\Pr4FindInFile.pch" /Fo"Debug\\" /Fd"Debug\vc100.pdb" /Gd /TP /analyze- /errorReport:prompt Pr4FindInFile.cpp
         Pr4FindInFile.cpp
     1>d:\проекти і чтиво\gl base camp\task8\pr4findinfile\pr4findinfile\pr4findinfile.cpp(15): warning C4996: 'fopen': This function or variable may be unsafe. Consider using fopen_s instead. To disable deprecation, use _CRT_SECURE_NO_WARNINGS. See online help for details.
                 e:\program files\microsoft visual studio 10.0\vc\include\stdio.h(234): см. объявление "fopen"
       ManifestResourceCompile:
         Для всех выходных данных обновления не требуется.
       Link:
         e:\Program Files\Microsoft Visual Studio 10.0\VC\bin\link.exe /ERRORREPORT:PROMPT /OUT:"D:\Проекти і чтиво\GL Base Camp\Task8\Pr4FindInFile\Debug\Pr4FindInFile.exe" /INCREMENTAL /NOLOGO kernel32.lib user32.lib gdi32.lib winspool.lib comdlg32.lib advapi32.lib shell32.lib ole32.lib oleaut32.lib uuid.lib odbc32.lib odbccp32.lib /MANIFEST /ManifestFile:"Debug\Pr4FindInFile.exe.intermediate.manifest" /MANIFESTUAC:"level='asInvoker' uiAccess='false'" /DEBUG /PDB:"D:\Проекти і чтиво\GL Base Camp\Task8\Pr4FindInFile\Debug\Pr4FindInFile.pdb" /SUBSYSTEM:CONSOLE /TLBID:1 /DYNAMICBASE /NXCOMPAT /IMPLIB:"D:\Проекти і чтиво\GL Base Camp\Task8\Pr4FindInFile\Debug\Pr4FindInFile.lib" /MACHINE:X86 Debug\Pr4FindInFile.exe.embed.manifest.res
         Debug\Pr4FindInFile.obj
         Debug\stdafx.obj
       Manifest:
         E:\Program Files\Microsoft SDKs\Windows\v7.0A\bin\mt.exe /nologo /verbose /out:"Debug\Pr4FindInFile.exe.embed.manifest" /manifest Debug\Pr4FindInFile.exe.intermediate.manifest
         Для всех выходных данных обновления не требуется.
       LinkEmbedManifest:
         Для всех выходных данных обновления не требуется.
         Pr4FindInFile.vcxproj -> D:\Проекти і чтиво\GL Base Camp\Task8\Pr4FindInFile\Debug\Pr4FindInFile.exe
       FinalizeBuildStatus:
         Файл "Debug\Pr4FindInFile.unsuccessfulbuild" удаляется.
         Обращение к "Debug\Pr4FindInFile.lastbuildstate".
     1>Построение проекта "D:\Проекти і чтиво\GL Base Camp\Task8\Pr4FindInFile\Pr4FindInFile\Pr4FindInFile.vcxproj" завершено (целевые объекты build).

Построение успешно завершено.

Затраченное время: 00:00:01.63
