Построение начато 08.07.2012 22:43:36.
     1>Проект "D:\Проекти і чтиво\GL Base Camp\Task5\MyDll\mydll\mydll\mydll.vcxproj" в узле 2 (целевые объекты build).
     1>InitializeBuildStatus:
         Обращение к "Debug\mydll.unsuccessfulbuild".
       ClCompile:
         Для всех выходных данных обновления не требуется.
         Для всех выходных данных обновления не требуется.
         e:\Program Files\Microsoft Visual Studio 10.0\VC\bin\CL.exe /c /ZI /nologo /W3 /WX- /Od /Oy- /D WIN32 /D _DEBUG /D _WINDOWS /D _USRDLL /D MYDLL_EXPORTS /D _WINDLL /D _UNICODE /D UNICODE /Gm /EHsc /RTC1 /MDd /GS /fp:precise /Zc:wchar_t /Zc:forScope /Yu"StdAfx.h" /Fp"Debug\mydll.pch" /Fo"Debug\\" /Fd"Debug\vc100.pdb" /Gd /TP /analyze- /errorReport:prompt fun.cpp
         fun.cpp
       ManifestResourceCompile:
         Для всех выходных данных обновления не требуется.
       Link:
         e:\Program Files\Microsoft Visual Studio 10.0\VC\bin\link.exe /ERRORREPORT:PROMPT /OUT:"D:\Проекти і чтиво\GL Base Camp\Task5\MyDll\mydll\Debug\mydll.dll" /INCREMENTAL /NOLOGO kernel32.lib user32.lib gdi32.lib winspool.lib comdlg32.lib advapi32.lib shell32.lib ole32.lib oleaut32.lib uuid.lib odbc32.lib odbccp32.lib /MANIFEST /ManifestFile:"Debug\mydll.dll.intermediate.manifest" /MANIFESTUAC:"level='asInvoker' uiAccess='false'" /DEBUG /PDB:"D:\Проекти і чтиво\GL Base Camp\Task5\MyDll\mydll\Debug\mydll.pdb" /SUBSYSTEM:WINDOWS /TLBID:1 /DYNAMICBASE /NXCOMPAT /IMPLIB:"D:\Проекти і чтиво\GL Base Camp\Task5\MyDll\mydll\Debug\mydll.lib" /MACHINE:X86 /DLL Debug\mydll.dll.embed.manifest.res
         Debug\dllmain.obj
         Debug\fun.obj
         Debug\mydll.obj
         Debug\stdafx.obj
            Создается библиотека D:\Проекти і чтиво\GL Base Camp\Task5\MyDll\mydll\Debug\mydll.lib и объект D:\Проекти і чтиво\GL Base Camp\Task5\MyDll\mydll\Debug\mydll.exp
       Manifest:
         E:\Program Files\Microsoft SDKs\Windows\v7.0A\bin\mt.exe /nologo /verbose /out:"Debug\mydll.dll.embed.manifest" /manifest Debug\mydll.dll.intermediate.manifest
         Для всех выходных данных обновления не требуется.
       LinkEmbedManifest:
         Для всех выходных данных обновления не требуется.
         mydll.vcxproj -> D:\Проекти і чтиво\GL Base Camp\Task5\MyDll\mydll\Debug\mydll.dll
       FinalizeBuildStatus:
         Файл "Debug\mydll.unsuccessfulbuild" удаляется.
         Обращение к "Debug\mydll.lastbuildstate".
     1>Построение проекта "D:\Проекти і чтиво\GL Base Camp\Task5\MyDll\mydll\mydll\mydll.vcxproj" завершено (целевые объекты build).

Построение успешно завершено.

Затраченное время: 00:00:04.73
