Построение начато 08.07.2012 23:03:14.
     1>Проект "D:\Проекти і чтиво\GL Base Camp\Task5\MyDll\UsingDll\useDLL\useDLL.vcxproj" в узле 2 (целевые объекты build).
     1>InitializeBuildStatus:
         Обращение к "Debug\useDLL.unsuccessfulbuild".
       ClCompile:
         Для всех выходных данных обновления не требуется.
         e:\Program Files\Microsoft Visual Studio 10.0\VC\bin\CL.exe /c /ZI /nologo /W3 /WX- /Od /Oy- /D WIN32 /D _DEBUG /D _CONSOLE /D _UNICODE /D UNICODE /Gm /EHsc /RTC1 /MDd /GS /fp:precise /Zc:wchar_t /Zc:forScope /Yu"StdAfx.h" /Fp"Debug\useDLL.pch" /Fo"Debug\\" /Fd"Debug\vc100.pdb" /Gd /TP /analyze- /errorReport:prompt usedll.cpp
         usedll.cpp
       ManifestResourceCompile:
         Для всех выходных данных обновления не требуется.
       Link:
         e:\Program Files\Microsoft Visual Studio 10.0\VC\bin\link.exe /ERRORREPORT:PROMPT /OUT:"D:\Проекти і чтиво\GL Base Camp\Task5\MyDll\UsingDll\Debug\useDLL.exe" /INCREMENTAL /NOLOGO kernel32.lib user32.lib gdi32.lib winspool.lib comdlg32.lib advapi32.lib shell32.lib ole32.lib oleaut32.lib uuid.lib odbc32.lib odbccp32.lib /MANIFEST /ManifestFile:"Debug\useDLL.exe.intermediate.manifest" /MANIFESTUAC:"level='asInvoker' uiAccess='false'" /DEBUG /PDB:"D:\Проекти і чтиво\GL Base Camp\Task5\MyDll\UsingDll\Debug\useDLL.pdb" /SUBSYSTEM:CONSOLE /TLBID:1 /DYNAMICBASE /NXCOMPAT /IMPLIB:"D:\Проекти і чтиво\GL Base Camp\Task5\MyDll\UsingDll\Debug\useDLL.lib" /MACHINE:X86 Debug\useDLL.exe.embed.manifest.res
         Debug\stdafx.obj
         Debug\usedll.obj
       Manifest:
         E:\Program Files\Microsoft SDKs\Windows\v7.0A\bin\mt.exe /nologo /verbose /out:"Debug\useDLL.exe.embed.manifest" /manifest Debug\useDLL.exe.intermediate.manifest
         Для всех выходных данных обновления не требуется.
       LinkEmbedManifest:
         Для всех выходных данных обновления не требуется.
         useDLL.vcxproj -> D:\Проекти і чтиво\GL Base Camp\Task5\MyDll\UsingDll\Debug\useDLL.exe
       FinalizeBuildStatus:
         Файл "Debug\useDLL.unsuccessfulbuild" удаляется.
         Обращение к "Debug\useDLL.lastbuildstate".
     1>Построение проекта "D:\Проекти і чтиво\GL Base Camp\Task5\MyDll\UsingDll\useDLL\useDLL.vcxproj" завершено (целевые объекты build).

Построение успешно завершено.

Затраченное время: 00:00:02.63
