Построение начато 26.08.2012 16:02:10.
     1>Проект "D:\Проекти і чтиво\GL Base Camp\Task8\Pr1Gen\Pr1Gen\Pr1Gen.vcxproj" в узле 2 (целевые объекты build).
     1>InitializeBuildStatus:
         Создание "Debug\Pr1Gen.unsuccessfulbuild", так как было задано "AlwaysCreate".
       ClCompile:
         Для всех выходных данных обновления не требуется.
         e:\Program Files\Microsoft Visual Studio 10.0\VC\bin\CL.exe /c /ZI /nologo /W3 /WX- /Od /Oy- /D WIN32 /D _DEBUG /D _CONSOLE /D _UNICODE /D UNICODE /Gm /EHsc /RTC1 /MDd /GS /fp:precise /Zc:wchar_t /Zc:forScope /Yu"StdAfx.h" /Fp"Debug\Pr1Gen.pch" /Fo"Debug\\" /Fd"Debug\vc100.pdb" /Gd /TP /analyze- /errorReport:prompt Pr1Gen.cpp
         Pr1Gen.cpp
       ManifestResourceCompile:
         Для всех выходных данных обновления не требуется.
       Link:
         e:\Program Files\Microsoft Visual Studio 10.0\VC\bin\link.exe /ERRORREPORT:PROMPT /OUT:"D:\Проекти і чтиво\GL Base Camp\Task8\Pr1Gen\Debug\Pr1Gen.exe" /INCREMENTAL /NOLOGO kernel32.lib user32.lib gdi32.lib winspool.lib comdlg32.lib advapi32.lib shell32.lib ole32.lib oleaut32.lib uuid.lib odbc32.lib odbccp32.lib /MANIFEST /ManifestFile:"Debug\Pr1Gen.exe.intermediate.manifest" /MANIFESTUAC:"level='asInvoker' uiAccess='false'" /DEBUG /PDB:"D:\Проекти і чтиво\GL Base Camp\Task8\Pr1Gen\Debug\Pr1Gen.pdb" /SUBSYSTEM:CONSOLE /TLBID:1 /DYNAMICBASE /NXCOMPAT /IMPLIB:"D:\Проекти і чтиво\GL Base Camp\Task8\Pr1Gen\Debug\Pr1Gen.lib" /MACHINE:X86 Debug\Pr1Gen.exe.embed.manifest.res
         Debug\Pr1Gen.obj
         Debug\stdafx.obj
       Manifest:
         E:\Program Files\Microsoft SDKs\Windows\v7.0A\bin\mt.exe /nologo /verbose /out:"Debug\Pr1Gen.exe.embed.manifest" /manifest Debug\Pr1Gen.exe.intermediate.manifest
         Для всех выходных данных обновления не требуется.
       LinkEmbedManifest:
         Для всех выходных данных обновления не требуется.
         Pr1Gen.vcxproj -> D:\Проекти і чтиво\GL Base Camp\Task8\Pr1Gen\Debug\Pr1Gen.exe
       FinalizeBuildStatus:
         Файл "Debug\Pr1Gen.unsuccessfulbuild" удаляется.
         Обращение к "Debug\Pr1Gen.lastbuildstate".
     1>Построение проекта "D:\Проекти і чтиво\GL Base Camp\Task8\Pr1Gen\Pr1Gen\Pr1Gen.vcxproj" завершено (целевые объекты build).

Построение успешно завершено.

Затраченное время: 00:00:06.96
